<?xml version="1.0" encoding="UTF-8"?>
<!-- Generated by org.testng.reporters.JUnitXMLReporter -->
<testsuite ignored="4" hostname="CHETUIWK1484" failures="0" tests="1" name="Default test" time="0.095" errors="0" timestamp="2021-03-10T21:40:22 IST">
  <testcase classname="testCases.UserLoginTest" name="viewUser" time="0.014"/>
  <testcase classname="testCases.UserLoginTest" name="logout" time="0.0">
    <ignored/>
  </testcase> <!-- logout -->
  <testcase classname="testCases.UserLoginTest" name="addUser" time="0.0">
    <ignored/>
  </testcase> <!-- addUser -->
  <testcase classname="testCases.UserLoginTest" name="homePage" time="0.0">
    <ignored/>
  </testcase> <!-- homePage -->
  <testcase classname="testCases.UserLoginTest" name="login" time="0.0">
    <ignored/>
  </testcase> <!-- login -->
</testsuite> <!-- Default test -->
