<?xml version="1.0" encoding="UTF-8"?>
<testng-results ignored="0" total="1" passed="1" failed="0" skipped="0">
  <reporter-output>
  </reporter-output>
  <suite started-at="2021-02-28T17:06:01 IST" name="Default suite" finished-at="2021-02-28T17:06:16 IST" duration-ms="14091">
    <groups>
    </groups>
    <test started-at="2021-02-28T17:06:01 IST" name="Default test" finished-at="2021-02-28T17:06:16 IST" duration-ms="14091">
      <class name="UserRegistrationTest">
        <test-method is-config="true" signature="setup()[pri:0, instance:UserRegistrationTest@77eca502]" started-at="2021-02-28T17:06:02 IST" name="setup" finished-at="2021-02-28T17:06:11 IST" duration-ms="9745" status="PASS">
          <reporter-output>
          </reporter-output>
        </test-method> <!-- setup -->
        <test-method signature="register()[pri:0, instance:UserRegistrationTest@77eca502]" started-at="2021-02-28T17:06:11 IST" name="register" finished-at="2021-02-28T17:06:16 IST" duration-ms="4290" status="PASS">
          <reporter-output>
          </reporter-output>
        </test-method> <!-- register -->
        <test-method is-config="true" signature="exit()[pri:0, instance:UserRegistrationTest@77eca502]" started-at="2021-02-28T17:06:16 IST" name="exit" finished-at="2021-02-28T17:06:16 IST" duration-ms="0" status="PASS">
          <reporter-output>
          </reporter-output>
        </test-method> <!-- exit -->
      </class> <!-- UserRegistrationTest -->
    </test> <!-- Default test -->
  </suite> <!-- Default suite -->
</testng-results>
