<?xml version="1.0" encoding="UTF-8"?>
<testng-results ignored="4" total="5" passed="1" failed="0" skipped="0">
  <reporter-output>
  </reporter-output>
  <suite started-at="2021-03-10T21:40:22 IST" name="Default suite" finished-at="2021-03-10T21:40:22 IST" duration-ms="95">
    <groups>
    </groups>
    <test started-at="2021-03-10T21:40:22 IST" name="Default test" finished-at="2021-03-10T21:40:22 IST" duration-ms="95">
      <class name="testCases.UserLoginTest">
        <test-method signature="viewUser()[pri:3, instance:testCases.UserLoginTest@6d2a209c]" started-at="2021-03-10T21:40:22 IST" name="viewUser" finished-at="2021-03-10T21:40:22 IST" duration-ms="14" status="PASS">
          <reporter-output>
          </reporter-output>
        </test-method> <!-- viewUser -->
      </class> <!-- testCases.UserLoginTest -->
    </test> <!-- Default test -->
  </suite> <!-- Default suite -->
</testng-results>
